yarn run v1.22.22
$ NODE_OPTIONS=--openssl-legacy-provider react-scripts start
(node:175593) [DEP_WEBPACK_DEV_SERVER_ON_AFTER_SETUP_MIDDLEWARE] DeprecationWarning: 'onAfterSetupMiddleware' option is deprecated. Please use the 'setupMiddlewares' option.
(Use `node --trace-deprecation ...` to show where the warning was created)
(node:175593) [DEP_WEBPACK_DEV_SERVER_ON_BEFORE_SETUP_MIDDLEWARE] DeprecationWarning: 'onBeforeSetupMiddleware' option is deprecated. Please use the 'setupMiddlewares' option.
Starting the development server...

Compiled with warnings.

[eslint] 
src/App.js
  Line 40:8:  React Hook useEffect has missing dependencies: 'SendWink', 'chatRef', 'chatRefText', 'drawAttention', 'multiChatRef', 'sendAudio', and 'sendMessage'. Either include them or remove the dependency array  react-hooks/exhaustive-deps

src/pages/chat/components/chat/components/identifyEmoticonChat/index.js
  Line 1:8:     'React' is defined but never used                           no-unused-vars
  Line 1:17:    'useRef' is defined but never used                          no-unused-vars
  Line 109:36:  Array.prototype.map() expects a return value from function  array-callback-return

src/pages/chat/components/chat/components/sendWinks/components/winks/index.js
  Line 16:9:  'size' is assigned a value but never used  no-unused-vars

src/pages/chat/components/chat/index.js
  Line 29:20:  'setRecord' is assigned a value but never used                                                                                              no-unused-vars
  Line 45:8:   React Hook useEffect has missing dependencies: 'eastereggschat' and 'preventEmoticons'. Either include them or remove the dependency array  react-hooks/exhaustive-deps

src/pages/chat/components/header/index.js
  Line 46:33:  Using target="_blank" without rel="noreferrer" (which implies rel="noopener") is a security risk in older browsers: see https://mathiasbynens.github.io/rel-noopener/#recommendations  react/jsx-no-target-blank

src/pages/chat/index.js
  Line 45:8:   React Hook useEffect has missing dependencies: 'getPerson', 'person', 'props.chatRefText', and 'props.socketidperson'. Either include them or remove the dependency array. If 'setPerson' needs the current value of 'props.socketidperson', you can also switch to useReducer instead of useState and read 'props.socketidperson' in the reducer  react-hooks/exhaustive-deps
  Line 45:9:   React Hook useEffect has a complex expression in the dependency array. Extract it to a separate variable so it can be statically checked                                                                                                                                                                                                           react-hooks/exhaustive-deps
  Line 45:42:  React Hook useEffect has a complex expression in the dependency array. Extract it to a separate variable so it can be statically checked                                                                                                                                                                                                           react-hooks/exhaustive-deps

src/pages/chat/scripts/draggable.js
  Line 3:1:  Assign arrow function to a variable before exporting as module default  import/no-anonymous-default-export

src/pages/components/audioRecorder/index.js
  Line 14:20:  'isRecording' is assigned a value but never used  no-unused-vars

src/pages/components/notificationOnline/index.js
  Line 71:13:  Duplicate key 'info'                         no-dupe-keys
  Line 72:41:  Unexpected string concatenation of literals  no-useless-concat

src/pages/home/components/contacts/components/contact/index.js
  Line 40:19:  'indexPersonChat' is assigned a value but never used                                                                                                                                                                                                                                                                                                                      no-unused-vars
  Line 40:74:  Array.prototype.findIndex() expects a value to be returned at the end of arrow function                                                                                                                                                                                                                                                                                   array-callback-return
  Line 56:29:  The href attribute is required for an anchor to be keyboard accessible. Provide a valid, navigable address as the href value. If you cannot provide an href, but still need the element to resemble a link, use a button and change it with appropriate styles. Learn more: https://github.com/jsx-eslint/eslint-plugin-jsx-a11y/blob/HEAD/docs/rules/anchor-is-valid.md  jsx-a11y/anchor-is-valid
  Line 58:29:  Using target="_blank" without rel="noreferrer" (which implies rel="noopener") is a security risk in older browsers: see https://mathiasbynens.github.io/rel-noopener/#recommendations                                                                                                                                                                                     react/jsx-no-target-blank

src/pages/home/components/contacts/index.js
  Line 36:55:  Array.prototype.map() expects a value to be returned at the end of arrow function  array-callback-return

src/pages/home/components/sidebar/index.js
  Line 17:17:  Using target="_blank" without rel="noreferrer" (which implies rel="noopener") is a security risk in older browsers: see https://mathiasbynens.github.io/rel-noopener/#recommendations  react/jsx-no-target-blank
  Line 22:17:  Using target="_blank" without rel="noreferrer" (which implies rel="noopener") is a security risk in older browsers: see https://mathiasbynens.github.io/rel-noopener/#recommendations  react/jsx-no-target-blank
  Line 27:17:  Using target="_blank" without rel="noreferrer" (which implies rel="noopener") is a security risk in older browsers: see https://mathiasbynens.github.io/rel-noopener/#recommendations  react/jsx-no-target-blank

src/pages/home/index.js
  Line 12:7:   'preventf5' is assigned a value but never used                                                                no-unused-vars
  Line 18:23:  Expected '===' and instead saw '=='                                                                           eqeqeq
  Line 26:8:   React Hook useEffect has a missing dependency: 'preventf5'. Either include it or remove the dependency array  react-hooks/exhaustive-deps

src/pages/login/index.js
  Line 137:8:   React Hook useEffect was passed a dependency list that is not an array literal. This means we can't statically verify whether you've passed the correct dependencies  react-hooks/exhaustive-deps
  Line 137:8:   React Hook useEffect has missing dependencies: 'changeLanguage' and 'person'. Either include them or remove the dependency array                                      react-hooks/exhaustive-deps
  Line 149:21:  img elements must have an alt prop, either with meaningful text, or an empty string for decorative images                                                             jsx-a11y/alt-text
  Line 150:21:  img elements must have an alt prop, either with meaningful text, or an empty string for decorative images                                                             jsx-a11y/alt-text

src/pages/multiChats/index.js
  Line 16:5:  React Hook useEffect contains a call to 'setContact'. Without a list of dependencies, this can lead to an infinite chain of updates. To fix this, pass [getPerson, props.socketidperson, contact] as a second argument to the useEffect Hook  react-hooks/exhaustive-deps

src/scripts/ref.js
  Line 1:8:    'React' is defined but never used                                                        no-unused-vars
  Line 1:17:   'useRef' is defined but never used                                                       no-unused-vars
  Line 17:70:  Array.prototype.findIndex() expects a value to be returned at the end of arrow function  array-callback-return
  Line 23:68:  Array.prototype.findIndex() expects a value to be returned at the end of arrow function  array-callback-return
  Line 60:70:  Array.prototype.findIndex() expects a value to be returned at the end of arrow function  array-callback-return
  Line 64:68:  Array.prototype.findIndex() expects a value to be returned at the end of arrow function  array-callback-return
  Line 79:68:  Array.prototype.findIndex() expects a value to be returned at the end of arrow function  array-callback-return

src/scripts/sounds/sounds.js
  Line 6:1:  Assign arrow function to a variable before exporting as module default  import/no-anonymous-default-export
  Line 8:5:  Expected a default case                                                 default-case

Search for the keywords to learn more about each warning.
To ignore, add // eslint-disable-next-line to the line before.

WARNING in [eslint] 
src/App.js
  Line 40:8:  React Hook useEffect has missing dependencies: 'SendWink', 'chatRef', 'chatRefText', 'drawAttention', 'multiChatRef', 'sendAudio', and 'sendMessage'. Either include them or remove the dependency array  react-hooks/exhaustive-deps

src/pages/chat/components/chat/components/identifyEmoticonChat/index.js
  Line 1:8:     'React' is defined but never used                           no-unused-vars
  Line 1:17:    'useRef' is defined but never used                          no-unused-vars
  Line 109:36:  Array.prototype.map() expects a return value from function  array-callback-return

src/pages/chat/components/chat/components/sendWinks/components/winks/index.js
  Line 16:9:  'size' is assigned a value but never used  no-unused-vars

src/pages/chat/components/chat/index.js
  Line 29:20:  'setRecord' is assigned a value but never used                                                                                              no-unused-vars
  Line 45:8:   React Hook useEffect has missing dependencies: 'eastereggschat' and 'preventEmoticons'. Either include them or remove the dependency array  react-hooks/exhaustive-deps

src/pages/chat/components/header/index.js
  Line 46:33:  Using target="_blank" without rel="noreferrer" (which implies rel="noopener") is a security risk in older browsers: see https://mathiasbynens.github.io/rel-noopener/#recommendations  react/jsx-no-target-blank

src/pages/chat/index.js
  Line 45:8:   React Hook useEffect has missing dependencies: 'getPerson', 'person', 'props.chatRefText', and 'props.socketidperson'. Either include them or remove the dependency array. If 'setPerson' needs the current value of 'props.socketidperson', you can also switch to useReducer instead of useState and read 'props.socketidperson' in the reducer  react-hooks/exhaustive-deps
  Line 45:9:   React Hook useEffect has a complex expression in the dependency array. Extract it to a separate variable so it can be statically checked                                                                                                                                                                                                           react-hooks/exhaustive-deps
  Line 45:42:  React Hook useEffect has a complex expression in the dependency array. Extract it to a separate variable so it can be statically checked                                                                                                                                                                                                           react-hooks/exhaustive-deps

src/pages/chat/scripts/draggable.js
  Line 3:1:  Assign arrow function to a variable before exporting as module default  import/no-anonymous-default-export

src/pages/components/audioRecorder/index.js
  Line 14:20:  'isRecording' is assigned a value but never used  no-unused-vars

src/pages/components/notificationOnline/index.js
  Line 71:13:  Duplicate key 'info'                         no-dupe-keys
  Line 72:41:  Unexpected string concatenation of literals  no-useless-concat

src/pages/home/components/contacts/components/contact/index.js
  Line 40:19:  'indexPersonChat' is assigned a value but never used                                                                                                                                                                                                                                                                                                                      no-unused-vars
  Line 40:74:  Array.prototype.findIndex() expects a value to be returned at the end of arrow function                                                                                                                                                                                                                                                                                   array-callback-return
  Line 56:29:  The href attribute is required for an anchor to be keyboard accessible. Provide a valid, navigable address as the href value. If you cannot provide an href, but still need the element to resemble a link, use a button and change it with appropriate styles. Learn more: https://github.com/jsx-eslint/eslint-plugin-jsx-a11y/blob/HEAD/docs/rules/anchor-is-valid.md  jsx-a11y/anchor-is-valid
  Line 58:29:  Using target="_blank" without rel="noreferrer" (which implies rel="noopener") is a security risk in older browsers: see https://mathiasbynens.github.io/rel-noopener/#recommendations                                                                                                                                                                                     react/jsx-no-target-blank

src/pages/home/components/contacts/index.js
  Line 36:55:  Array.prototype.map() expects a value to be returned at the end of arrow function  array-callback-return

src/pages/home/components/sidebar/index.js
  Line 17:17:  Using target="_blank" without rel="noreferrer" (which implies rel="noopener") is a security risk in older browsers: see https://mathiasbynens.github.io/rel-noopener/#recommendations  react/jsx-no-target-blank
  Line 22:17:  Using target="_blank" without rel="noreferrer" (which implies rel="noopener") is a security risk in older browsers: see https://mathiasbynens.github.io/rel-noopener/#recommendations  react/jsx-no-target-blank
  Line 27:17:  Using target="_blank" without rel="noreferrer" (which implies rel="noopener") is a security risk in older browsers: see https://mathiasbynens.github.io/rel-noopener/#recommendations  react/jsx-no-target-blank

src/pages/home/index.js
  Line 12:7:   'preventf5' is assigned a value but never used                                                                no-unused-vars
  Line 18:23:  Expected '===' and instead saw '=='                                                                           eqeqeq
  Line 26:8:   React Hook useEffect has a missing dependency: 'preventf5'. Either include it or remove the dependency array  react-hooks/exhaustive-deps

src/pages/login/index.js
  Line 137:8:   React Hook useEffect was passed a dependency list that is not an array literal. This means we can't statically verify whether you've passed the correct dependencies  react-hooks/exhaustive-deps
  Line 137:8:   React Hook useEffect has missing dependencies: 'changeLanguage' and 'person'. Either include them or remove the dependency array                                      react-hooks/exhaustive-deps
  Line 149:21:  img elements must have an alt prop, either with meaningful text, or an empty string for decorative images                                                             jsx-a11y/alt-text
  Line 150:21:  img elements must have an alt prop, either with meaningful text, or an empty string for decorative images                                                             jsx-a11y/alt-text

src/pages/multiChats/index.js
  Line 16:5:  React Hook useEffect contains a call to 'setContact'. Without a list of dependencies, this can lead to an infinite chain of updates. To fix this, pass [getPerson, props.socketidperson, contact] as a second argument to the useEffect Hook  react-hooks/exhaustive-deps

src/scripts/ref.js
  Line 1:8:    'React' is defined but never used                                                        no-unused-vars
  Line 1:17:   'useRef' is defined but never used                                                       no-unused-vars
  Line 17:70:  Array.prototype.findIndex() expects a value to be returned at the end of arrow function  array-callback-return
  Line 23:68:  Array.prototype.findIndex() expects a value to be returned at the end of arrow function  array-callback-return
  Line 60:70:  Array.prototype.findIndex() expects a value to be returned at the end of arrow function  array-callback-return
  Line 64:68:  Array.prototype.findIndex() expects a value to be returned at the end of arrow function  array-callback-return
  Line 79:68:  Array.prototype.findIndex() expects a value to be returned at the end of arrow function  array-callback-return

src/scripts/sounds/sounds.js
  Line 6:1:  Assign arrow function to a variable before exporting as module default  import/no-anonymous-default-export
  Line 8:5:  Expected a default case                                                 default-case

webpack compiled with 1 warning
